# JRE version: Java(TM) SE Runtime Environment (17.0.10+11) (build 17.0.10+11-LTS-240)
# Java VM: Java HotSpot(TM) 64-Bit Server VM (17.0.10+11-LTS-240, mixed mode, sharing, tiered, compressed oops, compressed class ptrs, g1 gc, windows-amd64)
GC Precious Log:
 CPUs: 4 total, 4 available
 Memory: 4017M
 Large Page Support: Disabled
 NUMA Support: Disabled
 Compressed Oops: Enabled (32-bit)
 Heap Region Size: 1M
 Heap Min Capacity: 8M
 Heap Initial Capacity: 64M
 Heap Max Capacity: 2G
 Pre-touch: Disabled
 Parallel Workers: 4
 Concurrent Workers: 1
 Concurrent Refinement Workers: 4
 Periodic GC: Disabled
Heap:
 garbage-first heap   total 450560K, used 315493K [0x0000000080000000, 0x0000000100000000)
  region size 1024K, 6 young (6144K), 6 survivors (6144K)
 Metaspace       used 134475K, committed 135936K, reserved 557056K
  class space    used 18481K, committed 19136K, reserved 425984K
GC Heap History (20 events):
Event: 64.285 GC heap after
{Heap after GC invocations=61 (full 0):
 garbage-first heap   total 450560K, used 256613K [0x0000000080000000, 0x0000000100000000)
  region size 1024K, 10 young (10240K), 10 survivors (10240K)
 Metaspace       used 131829K, committed 133248K, reserved 557056K
  class space    used 18212K, committed 18880K, reserved 425984K
}
Event: 65.605 GC heap before
{Heap before GC invocations=61 (full 0):
 garbage-first heap   total 450560K, used 373349K [0x0000000080000000, 0x0000000100000000)
  region size 1024K, 125 young (128000K), 10 survivors (10240K)
 Metaspace       used 133225K, committed 134592K, reserved 557056K
  class space    used 18392K, committed 19008K, reserved 425984K
}
Event: 65.641 GC heap after
{Heap after GC invocations=62 (full 0):
 garbage-first heap   total 450560K, used 270147K [0x0000000080000000, 0x0000000100000000)
  region size 1024K, 14 young (14336K), 14 survivors (14336K)
 Metaspace       used 133225K, committed 134592K, reserved 557056K
  class space    used 18392K, committed 19008K, reserved 425984K
}
Event: 66.728 GC heap before
{Heap before GC invocations=62 (full 0):
 garbage-first heap   total 450560K, used 374595K [0x0000000080000000, 0x0000000100000000)
  region size 1024K, 116 young (118784K), 14 survivors (14336K)
 Metaspace       used 133485K, committed 134912K, reserved 557056K
  class space    used 18416K, committed 19072K, reserved 425984K
}
Event: 66.754 GC heap after
{Heap after GC invocations=63 (full 0):
 garbage-first heap   total 450560K, used 270336K [0x0000000080000000, 0x0000000100000000)
  region size 1024K, 4 young (4096K), 4 survivors (4096K)
 Metaspace       used 133485K, committed 134912K, reserved 557056K
  class space    used 18416K, committed 19072K, reserved 425984K
}
Event: 68.463 GC heap before
{Heap before GC invocations=63 (full 0):
 garbage-first heap   total 450560K, used 378880K [0x0000000080000000, 0x0000000100000000)
  region size 1024K, 110 young (112640K), 4 survivors (4096K)
 Metaspace       used 133785K, committed 135232K, reserved 557056K
  class space    used 18456K, committed 19136K, reserved 425984K
}
Event: 68.490 GC heap after
{Heap after GC invocations=64 (full 0):
 garbage-first heap   total 450560K, used 272384K [0x0000000080000000, 0x0000000100000000)
  region size 1024K, 6 young (6144K), 6 survivors (6144K)
 Metaspace       used 133785K, committed 135232K, reserved 557056K
  class space    used 18456K, committed 19136K, reserved 425984K
}
Event: 69.329 GC heap before
{Heap before GC invocations=64 (full 0):
 garbage-first heap   total 450560K, used 380928K [0x0000000080000000, 0x0000000100000000)
  region size 1024K, 113 young (115712K), 6 survivors (6144K)
 Metaspace       used 133894K, committed 135360K, reserved 557056K
  class space    used 18465K, committed 19136K, reserved 425984K
}
Event: 69.344 GC heap after
{Heap after GC invocations=65 (full 0):
 garbage-first heap   total 450560K, used 273408K [0x0000000080000000, 0x0000000100000000)
  region size 1024K, 7 young (7168K), 7 survivors (7168K)
 Metaspace       used 133894K, committed 135360K, reserved 557056K
  class space    used 18465K, committed 19136K, reserved 425984K
}
Event: 70.397 GC heap before
{Heap before GC invocations=65 (full 0):
 garbage-first heap   total 450560K, used 385024K [0x0000000080000000, 0x0000000100000000)
  region size 1024K, 117 young (119808K), 7 survivors (7168K)
 Metaspace       used 134224K, committed 135616K, reserved 557056K
  class space    used 18477K, committed 19136K, reserved 425984K
}
Event: 70.418 GC heap after
{Heap after GC invocations=66 (full 0):
 garbage-first heap   total 450560K, used 279495K [0x0000000080000000, 0x0000000100000000)
  region size 1024K, 13 young (13312K), 13 survivors (13312K)
 Metaspace       used 134224K, committed 135616K, reserved 557056K
  class space    used 18477K, committed 19136K, reserved 425984K
}
Event: 71.076 GC heap before
{Heap before GC invocations=66 (full 0):
 garbage-first heap   total 450560K, used 384967K [0x0000000080000000, 0x0000000100000000)
  region size 1024K, 117 young (119808K), 13 survivors (13312K)
 Metaspace       used 134351K, committed 135808K, reserved 557056K
  class space    used 18478K, committed 19136K, reserved 425984K
}
Event: 71.113 GC heap after
{Heap after GC invocations=67 (full 0):
 garbage-first heap   total 450560K, used 288734K [0x0000000080000000, 0x0000000100000000)
  region size 1024K, 15 young (15360K), 15 survivors (15360K)
 Metaspace       used 134351K, committed 135808K, reserved 557056K
  class space    used 18478K, committed 19136K, reserved 425984K
}
Event: 71.797 GC heap before
{Heap before GC invocations=67 (full 0):
 garbage-first heap   total 450560K, used 382942K [0x0000000080000000, 0x0000000100000000)
  region size 1024K, 108 young (110592K), 15 survivors (15360K)
 Metaspace       used 134395K, committed 135808K, reserved 557056K
  class space    used 18480K, committed 19136K, reserved 425984K
}
Event: 71.832 GC heap after
{Heap after GC invocations=68 (full 0):
 garbage-first heap   total 450560K, used 296909K [0x0000000080000000, 0x0000000100000000)
  region size 1024K, 10 young (10240K), 10 survivors (10240K)
 Metaspace       used 134395K, committed 135808K, reserved 557056K
  class space    used 18480K, committed 19136K, reserved 425984K
}
Event: 72.286 GC heap before
{Heap before GC invocations=68 (full 0):
 garbage-first heap   total 450560K, used 381901K [0x0000000080000000, 0x0000000100000000)
  region size 1024K, 93 young (95232K), 10 survivors (10240K)
 Metaspace       used 134407K, committed 135872K, reserved 557056K
  class space    used 18480K, committed 19136K, reserved 425984K
}
Event: 72.315 GC heap after
{Heap after GC invocations=69 (full 0):
 garbage-first heap   total 450560K, used 302079K [0x0000000080000000, 0x0000000100000000)
  region size 1024K, 6 young (6144K), 6 survivors (6144K)
 Metaspace       used 134407K, committed 135872K, reserved 557056K
  class space    used 18480K, committed 19136K, reserved 425984K
}
Event: 72.837 GC heap before
{Heap before GC invocations=69 (full 0):
 garbage-first heap   total 450560K, used 383999K [0x0000000080000000, 0x0000000100000000)
  region size 1024K, 86 young (88064K), 6 survivors (6144K)
 Metaspace       used 134457K, committed 135936K, reserved 557056K
  class space    used 18481K, committed 19136K, reserved 425984K
}
Event: 72.876 GC heap after
{Heap after GC invocations=70 (full 0):
 garbage-first heap   total 450560K, used 309693K [0x0000000080000000, 0x0000000100000000)
  region size 1024K, 11 young (11264K), 11 survivors (11264K)
 Metaspace       used 134457K, committed 135936K, reserved 557056K
  class space    used 18481K, committed 19136K, reserved 425984K
}
Event: 73.247 GC heap before
{Heap before GC invocations=70 (full 0):
 garbage-first heap   total 450560K, used 385469K [0x0000000080000000, 0x0000000100000000)
  region size 1024K, 85 young (87040K), 11 survivors (11264K)
 Metaspace       used 134475K, committed 135936K, reserved 557056K
  class space    used 18481K, committed 19136K, reserved 425984K
}

